<?xml version="1.0" encoding="UTF-8"?>
<testng-results ignored="0" total="1" passed="1" failed="0" skipped="0">
  <reporter-output>
  </reporter-output>
  <suite started-at="2024-01-12T16:58:57 IST" name="Default suite" finished-at="2024-01-12T16:59:33 IST" duration-ms="36567">
    <groups>
    </groups>
    <test started-at="2024-01-12T16:58:57 IST" name="Default test" finished-at="2024-01-12T16:59:33 IST" duration-ms="36567">
      <class name="org.testing.testScripts.TC1">
        <test-method is-config="true" signature="LunchBrowserr()[pri:0, instance:org.testing.testScripts.TC1@10e31a9a]" started-at="2024-01-12T16:58:57 IST" name="LunchBrowserr" finished-at="2024-01-12T16:59:07 IST" duration-ms="9922" status="PASS">
          <reporter-output>
          </reporter-output>
        </test-method> <!-- LunchBrowserr -->
        <test-method signature="Login()[pri:0, instance:org.testing.testScripts.TC1@10e31a9a]" started-at="2024-01-12T16:59:07 IST" name="Login" finished-at="2024-01-12T16:59:33 IST" duration-ms="25665" status="PASS">
          <reporter-output>
          </reporter-output>
        </test-method> <!-- Login -->
        <test-method is-config="true" signature="closerbrowser()[pri:0, instance:org.testing.testScripts.TC1@10e31a9a]" started-at="2024-01-12T16:59:33 IST" name="closerbrowser" finished-at="2024-01-12T16:59:33 IST" duration-ms="898" status="PASS">
          <reporter-output>
          </reporter-output>
        </test-method> <!-- closerbrowser -->
      </class> <!-- org.testing.testScripts.TC1 -->
    </test> <!-- Default test -->
  </suite> <!-- Default suite -->
</testng-results>
