<?xml version="1.0" encoding="UTF-8"?>
<testng-results ignored="0" total="3" passed="3" failed="0" skipped="0">
  <reporter-output>
  </reporter-output>
  <suite started-at="2024-01-17T16:19:56 IST" name="Default suite" finished-at="2024-01-17T16:19:57 IST" duration-ms="149">
    <groups>
    </groups>
    <test started-at="2024-01-17T16:19:56 IST" name="Default test" finished-at="2024-01-17T16:19:57 IST" duration-ms="149">
      <class name="TestNGProje.testngannot.TestNgAnnotation">
        <test-method is-config="true" signature="bsuite()[pri:0, instance:TestNGProje.testngannot.TestNgAnnotation@1bb5a082]" started-at="2024-01-17T16:19:56 IST" name="bsuite" finished-at="2024-01-17T16:19:56 IST" duration-ms="19" status="PASS">
          <reporter-output>
          </reporter-output>
        </test-method> <!-- bsuite -->
        <test-method is-config="true" signature="btest()[pri:0, instance:TestNGProje.testngannot.TestNgAnnotation@1bb5a082]" started-at="2024-01-17T16:19:56 IST" name="btest" finished-at="2024-01-17T16:19:56 IST" duration-ms="1" status="PASS">
          <reporter-output>
          </reporter-output>
        </test-method> <!-- btest -->
        <test-method is-config="true" signature="bclass()[pri:0, instance:TestNGProje.testngannot.TestNgAnnotation@1bb5a082]" started-at="2024-01-17T16:19:56 IST" name="bclass" finished-at="2024-01-17T16:19:56 IST" duration-ms="1" status="PASS">
          <reporter-output>
          </reporter-output>
        </test-method> <!-- bclass -->
        <test-method is-config="true" signature="bmethod()[pri:0, instance:TestNGProje.testngannot.TestNgAnnotation@1bb5a082]" started-at="2024-01-17T16:19:56 IST" name="bmethod" finished-at="2024-01-17T16:19:56 IST" duration-ms="1" status="PASS">
          <reporter-output>
          </reporter-output>
        </test-method> <!-- bmethod -->
        <test-method signature="tc()[pri:0, instance:TestNGProje.testngannot.TestNgAnnotation@1bb5a082]" started-at="2024-01-17T16:19:56 IST" name="tc" finished-at="2024-01-17T16:19:57 IST" duration-ms="19" status="PASS">
          <reporter-output>
          </reporter-output>
        </test-method> <!-- tc -->
        <test-method is-config="true" signature="amethod()[pri:0, instance:TestNGProje.testngannot.TestNgAnnotation@1bb5a082]" started-at="2024-01-17T16:19:57 IST" name="amethod" finished-at="2024-01-17T16:19:57 IST" duration-ms="3" status="PASS">
          <reporter-output>
          </reporter-output>
        </test-method> <!-- amethod -->
        <test-method is-config="true" signature="bmethod()[pri:0, instance:TestNGProje.testngannot.TestNgAnnotation@1bb5a082]" started-at="2024-01-17T16:19:57 IST" name="bmethod" finished-at="2024-01-17T16:19:57 IST" duration-ms="1" status="PASS">
          <reporter-output>
          </reporter-output>
        </test-method> <!-- bmethod -->
        <test-method signature="xyz()[pri:0, instance:TestNGProje.testngannot.TestNgAnnotation@1bb5a082]" started-at="2024-01-17T16:19:57 IST" name="xyz" finished-at="2024-01-17T16:19:57 IST" duration-ms="4" status="PASS">
          <reporter-output>
          </reporter-output>
        </test-method> <!-- xyz -->
        <test-method is-config="true" signature="amethod()[pri:0, instance:TestNGProje.testngannot.TestNgAnnotation@1bb5a082]" started-at="2024-01-17T16:19:57 IST" name="amethod" finished-at="2024-01-17T16:19:57 IST" duration-ms="0" status="PASS">
          <reporter-output>
          </reporter-output>
        </test-method> <!-- amethod -->
        <test-method is-config="true" signature="bmethod()[pri:0, instance:TestNGProje.testngannot.TestNgAnnotation@1bb5a082]" started-at="2024-01-17T16:19:57 IST" name="bmethod" finished-at="2024-01-17T16:19:57 IST" duration-ms="6" status="PASS">
          <reporter-output>
          </reporter-output>
        </test-method> <!-- bmethod -->
        <test-method signature="abc()[pri:0, instance:TestNGProje.testngannot.TestNgAnnotation@1bb5a082]" started-at="2024-01-17T16:19:57 IST" name="abc" finished-at="2024-01-17T16:19:57 IST" depends-on-methods="TestNGProje.testngannot.TestNgAnnotation.xyz" duration-ms="4" status="PASS">
          <reporter-output>
          </reporter-output>
        </test-method> <!-- abc -->
        <test-method is-config="true" signature="amethod()[pri:0, instance:TestNGProje.testngannot.TestNgAnnotation@1bb5a082]" started-at="2024-01-17T16:19:57 IST" name="amethod" finished-at="2024-01-17T16:19:57 IST" duration-ms="1" status="PASS">
          <reporter-output>
          </reporter-output>
        </test-method> <!-- amethod -->
        <test-method is-config="true" signature="aclass()[pri:0, instance:TestNGProje.testngannot.TestNgAnnotation@1bb5a082]" started-at="2024-01-17T16:19:57 IST" name="aclass" finished-at="2024-01-17T16:19:57 IST" duration-ms="4" status="PASS">
          <reporter-output>
          </reporter-output>
        </test-method> <!-- aclass -->
        <test-method is-config="true" signature="atest()[pri:0, instance:TestNGProje.testngannot.TestNgAnnotation@1bb5a082]" started-at="2024-01-17T16:19:57 IST" name="atest" finished-at="2024-01-17T16:19:57 IST" duration-ms="1" status="PASS">
          <reporter-output>
          </reporter-output>
        </test-method> <!-- atest -->
        <test-method is-config="true" signature="asuite()[pri:0, instance:TestNGProje.testngannot.TestNgAnnotation@1bb5a082]" started-at="2024-01-17T16:19:57 IST" name="asuite" finished-at="2024-01-17T16:19:57 IST" duration-ms="2" status="PASS">
          <reporter-output>
          </reporter-output>
        </test-method> <!-- asuite -->
      </class> <!-- TestNGProje.testngannot.TestNgAnnotation -->
    </test> <!-- Default test -->
  </suite> <!-- Default suite -->
</testng-results>
