<?xml version="1.0" encoding="UTF-8"?>
<testng-results ignored="0" total="1" passed="1" failed="0" skipped="0">
  <reporter-output>
  </reporter-output>
  <suite started-at="2024-01-10T19:25:49 IST" name="Suite" finished-at="2024-01-10T19:25:49 IST" duration-ms="91">
    <groups>
    </groups>
    <test started-at="2024-01-10T19:25:49 IST" name="Test" finished-at="2024-01-10T19:25:49 IST" duration-ms="91">
      <class name="TestNGProje.testngannot.TestNGAnnotationmultipleclass">
        <test-method signature="tc()[pri:0, instance:TestNGProje.testngannot.TestNGAnnotationmultipleclass@223d2c72]" started-at="2024-01-10T19:25:49 IST" name="tc" finished-at="2024-01-10T19:25:49 IST" duration-ms="19" status="PASS">
          <reporter-output>
          </reporter-output>
        </test-method> <!-- tc -->
      </class> <!-- TestNGProje.testngannot.TestNGAnnotationmultipleclass -->
    </test> <!-- Test -->
  </suite> <!-- Suite -->
</testng-results>
