<?xml version="1.0" encoding="UTF-8"?>
<!-- Generated by org.testng.reporters.JUnitXMLReporter -->
<testsuite ignored="0" hostname="DESKTOP-HJO5O9P" failures="0" tests="3" name="Default test" time="0.149" errors="0" timestamp="2024-01-17T16:19:57 IST">
  <testcase classname="TestNGProje.testngannot.TestNgAnnotation" name="tc" time="0.019"/>
  <testcase classname="TestNGProje.testngannot.TestNgAnnotation" name="xyz" time="0.004"/>
  <testcase classname="TestNGProje.testngannot.TestNgAnnotation" name="abc" time="0.004"/>
</testsuite> <!-- Default test -->
