<?xml version="1.0" encoding="UTF-8"?>
<!-- Generated by org.testng.reporters.JUnitXMLReporter -->
<testsuite ignored="0" hostname="DESKTOP-HJO5O9P" failures="0" tests="3" name="Default test" time="0.161" errors="0" timestamp="2024-01-10T18:54:21 IST">
  <testcase classname="TestNGProje.testngannot.TestNgAnnotation" name="tc" time="0.016"/>
  <testcase classname="TestNGProje.testngannot.TestNgAnnotation" name="xyz" time="0.006"/>
  <testcase classname="TestNGProje.testngannot.TestNgAnnotation" name="abc" time="0.006"/>
</testsuite> <!-- Default test -->
