<?xml version="1.0" encoding="UTF-8"?>
<!-- Generated by org.testng.reporters.JUnitXMLReporter -->
<testsuite ignored="0" hostname="DESKTOP-HJO5O9P" failures="1" tests="1" name="Test" time="11.073" errors="0" timestamp="2024-01-13T01:11:48 IST">
  <testcase classname="org.testing.TestScripts.TestCase1" name="testCase" time="0.027">
    <failure type="java.lang.NullPointerException" message="Cannot invoke &amp;quot;java.util.Properties.getProperty(String)&amp;quot; because &amp;quot;this.pr&amp;quot; is null">
      <![CDATA[java.lang.NullPointerException: Cannot invoke "java.util.Properties.getProperty(String)" because "this.pr" is null
at org.testing.Pages.LoginPage.signin(LoginPage.java:23)
at org.testing.TestScripts.TestCase1.testCase(TestCase1.java:16)
at java.base/java.util.ArrayList.forEach(ArrayList.java:1511)
... Removed 25 stack frames]]>
    </failure>
  </testcase> <!-- testCase -->
</testsuite> <!-- Test -->
