<?xml version="1.0" encoding="UTF-8"?>
<testng-results ignored="0" total="0" passed="0" failed="0" skipped="0">
  <reporter-output>
  </reporter-output>
  <suite started-at="2024-01-18T16:33:02 IST" name="Suite" finished-at="2024-01-18T16:33:02 IST" duration-ms="49">
    <groups>
    </groups>
    <test started-at="2024-01-18T16:33:02 IST" name="Test" finished-at="2024-01-18T16:33:02 IST" duration-ms="49">
      <class name="JenkinsIntegration.JenkinsIne.TC1">
        <test-method is-config="true" signature="testcase1()[pri:0, instance:JenkinsIntegration.JenkinsIne.TC1@6302bbb1]" started-at="2024-01-18T16:33:02 IST" name="testcase1" finished-at="2024-01-18T16:33:02 IST" duration-ms="19" status="PASS">
          <reporter-output>
          </reporter-output>
        </test-method> <!-- testcase1 -->
      </class> <!-- JenkinsIntegration.JenkinsIne.TC1 -->
    </test> <!-- Test -->
  </suite> <!-- Suite -->
</testng-results>
