<?xml version="1.0" encoding="UTF-8"?>
<!-- Generated by org.testng.reporters.JUnitXMLReporter -->
<testsuite ignored="0" hostname="DESKTOP-HJO5O9P" failures="0" tests="1" name="Test" time="0.125" errors="0" timestamp="2024-01-12T16:12:12 IST">
  <testcase classname="org.testing.Base.Base" name="@BeforeMethod LunchBrowserr" time="0.016">
    <failure type="java.io.FileNotFoundException" message=".\Framaeworkpar\Object properties (The system cannot find the path specified)">
      <![CDATA[java.io.FileNotFoundException: .\Framaeworkpar\Object properties (The system cannot find the path specified)
at java.base/java.io.FileInputStream.open0(Native Method)
at java.base/java.io.FileInputStream.open(FileInputStream.java:219)
at java.base/java.io.FileInputStream.<init>(FileInputStream.java:158)
at java.base/java.io.FileReader.<init>(FileReader.java:75)
at org.testing.Base.Base.LunchBrowserr(Base.java:23)
at java.base/java.util.ArrayList.forEach(ArrayList.java:1511)
... Removed 29 stack frames]]>
    </failure>
  </testcase> <!-- @BeforeMethod LunchBrowserr -->
  <testcase classname="org.testing.Base.Base" name="@AfterMethod closerbrowser" time="0.0">
    <skipped/>
  </testcase> <!-- @AfterMethod closerbrowser -->
  <testcase classname="org.testing.testScripts.TC1" name="Login" time="0.0">
    <skipped/>
  </testcase> <!-- Login -->
</testsuite> <!-- Test -->
