<?xml version="1.0" encoding="UTF-8"?>
<testng-results ignored="0" total="3" passed="3" failed="0" skipped="0">
  <reporter-output>
  </reporter-output>
  <suite started-at="2024-01-18T13:04:37 IST" name="Suite" finished-at="2024-01-18T13:06:49 IST" duration-ms="132135">
    <groups>
    </groups>
    <test started-at="2024-01-18T13:04:37 IST" name="Test" finished-at="2024-01-18T13:06:49 IST" duration-ms="132135">
      <class name="org.testing.TestScripts.TC3">
        <test-method is-config="true" signature="LunchBrowser()[pri:0, instance:org.testing.TestScripts.TC3@3349e9bb]" started-at="2024-01-18T13:04:37 IST" name="LunchBrowser" finished-at="2024-01-18T13:04:55 IST" duration-ms="17492" status="PASS">
          <reporter-output>
          </reporter-output>
        </test-method> <!-- LunchBrowser -->
        <test-method signature="Login()[pri:0, instance:org.testing.TestScripts.TC3@3349e9bb]" started-at="2024-01-18T13:04:55 IST" name="Login" finished-at="2024-01-18T13:05:16 IST" duration-ms="20948" status="PASS">
          <reporter-output>
          </reporter-output>
        </test-method> <!-- Login -->
      </class> <!-- org.testing.TestScripts.TC3 -->
      <class name="org.testing.TestScripts.TC2">
        <test-method is-config="true" signature="LunchBrowser()[pri:0, instance:org.testing.TestScripts.TC2@13c9d689]" started-at="2024-01-18T13:05:16 IST" name="LunchBrowser" finished-at="2024-01-18T13:05:35 IST" duration-ms="19090" status="PASS">
          <reporter-output>
          </reporter-output>
        </test-method> <!-- LunchBrowser -->
        <test-method signature="Login()[pri:0, instance:org.testing.TestScripts.TC2@13c9d689]" started-at="2024-01-18T13:05:35 IST" name="Login" finished-at="2024-01-18T13:06:05 IST" duration-ms="30568" status="PASS">
          <reporter-output>
          </reporter-output>
        </test-method> <!-- Login -->
        <test-method is-config="true" signature="browserclose()[pri:0, instance:org.testing.TestScripts.TC2@13c9d689]" started-at="2024-01-18T13:06:05 IST" name="browserclose" finished-at="2024-01-18T13:06:06 IST" duration-ms="880" status="PASS">
          <reporter-output>
          </reporter-output>
        </test-method> <!-- browserclose -->
      </class> <!-- org.testing.TestScripts.TC2 -->
      <class name="org.testing.TestScripts.TC1">
        <test-method is-config="true" signature="LunchBrowser()[pri:0, instance:org.testing.TestScripts.TC1@3754a4bf]" started-at="2024-01-18T13:06:06 IST" name="LunchBrowser" finished-at="2024-01-18T13:06:19 IST" duration-ms="12561" status="PASS">
          <reporter-output>
          </reporter-output>
        </test-method> <!-- LunchBrowser -->
        <test-method signature="Login()[pri:0, instance:org.testing.TestScripts.TC1@3754a4bf]" started-at="2024-01-18T13:06:19 IST" name="Login" finished-at="2024-01-18T13:06:49 IST" duration-ms="29785" status="PASS">
          <reporter-output>
          </reporter-output>
        </test-method> <!-- Login -->
        <test-method is-config="true" signature="browserclose()[pri:0, instance:org.testing.TestScripts.TC1@3754a4bf]" started-at="2024-01-18T13:06:49 IST" name="browserclose" finished-at="2024-01-18T13:06:49 IST" duration-ms="684" status="PASS">
          <reporter-output>
          </reporter-output>
        </test-method> <!-- browserclose -->
      </class> <!-- org.testing.TestScripts.TC1 -->
    </test> <!-- Test -->
  </suite> <!-- Suite -->
</testng-results>
