<?xml version="1.0" encoding="UTF-8"?>
<testng-results ignored="0" total="1" passed="1" failed="0" skipped="0">
  <reporter-output>
  </reporter-output>
  <suite started-at="2024-01-14T15:46:35 IST" name="Default suite" finished-at="2024-01-14T15:47:07 IST" duration-ms="32484">
    <groups>
    </groups>
    <test started-at="2024-01-14T15:46:35 IST" name="Default test" finished-at="2024-01-14T15:47:07 IST" duration-ms="32484">
      <class name="org.testing.TestScripts.TestCase1">
        <test-method is-config="true" signature="init()[pri:0, instance:org.testing.TestScripts.TestCase1@436813f3]" started-at="2024-01-14T15:46:35 IST" name="init" finished-at="2024-01-14T15:46:48 IST" duration-ms="12999" status="PASS">
          <reporter-output>
          </reporter-output>
        </test-method> <!-- init -->
        <test-method signature="testCase()[pri:0, instance:org.testing.TestScripts.TestCase1@436813f3]" started-at="2024-01-14T15:46:48 IST" name="testCase" finished-at="2024-01-14T15:47:07 IST" duration-ms="19374" status="PASS">
          <reporter-output>
          </reporter-output>
        </test-method> <!-- testCase -->
      </class> <!-- org.testing.TestScripts.TestCase1 -->
    </test> <!-- Default test -->
  </suite> <!-- Default suite -->
</testng-results>
