<?xml version="1.0" encoding="UTF-8"?>
<testng-results ignored="0" total="1" passed="1" failed="0" skipped="0">
  <reporter-output>
  </reporter-output>
  <suite started-at="2024-01-17T23:30:48 IST" name="Suite" finished-at="2024-01-17T23:31:14 IST" duration-ms="26110">
    <groups>
    </groups>
    <test started-at="2024-01-17T23:30:48 IST" name="Test" finished-at="2024-01-17T23:31:14 IST" duration-ms="26110">
      <class name="org.testing.TestScripts.TestCase1">
        <test-method is-config="true" signature="init()[pri:0, instance:org.testing.TestScripts.TestCase1@49ec71f8]" started-at="2024-01-17T23:30:48 IST" name="init" finished-at="2024-01-17T23:30:58 IST" duration-ms="10031" status="PASS">
          <reporter-output>
          </reporter-output>
        </test-method> <!-- init -->
        <test-method signature="testCase()[pri:0, instance:org.testing.TestScripts.TestCase1@49ec71f8]" started-at="2024-01-17T23:30:58 IST" name="testCase" finished-at="2024-01-17T23:31:13 IST" duration-ms="15183" status="PASS">
          <reporter-output>
          </reporter-output>
        </test-method> <!-- testCase -->
        <test-method is-config="true" signature="closure()[pri:0, instance:org.testing.TestScripts.TestCase1@49ec71f8]" started-at="2024-01-17T23:31:13 IST" name="closure" finished-at="2024-01-17T23:31:14 IST" duration-ms="814" status="PASS">
          <reporter-output>
          </reporter-output>
        </test-method> <!-- closure -->
      </class> <!-- org.testing.TestScripts.TestCase1 -->
    </test> <!-- Test -->
  </suite> <!-- Suite -->
</testng-results>
